time="2025-10-10T14:14:02+08:00" level=info msg="[start] job name: 追更, job id: 2cf7b90b-8409-4f35-8ce9-de6d363b4d1d\n"
time="2025-10-10T14:14:05+08:00" level=info msg="[Save] /189/媒体库/国产剧/悬崖（2012） -> Users/ws/Desktop/test/悬崖（2012）/[www.hmxz.org]悬崖.The.Brink.2012.E01.2160p.WEB-DL.HEVC.AAC-OurTV.strm "
time="2025-10-10T14:14:05+08:00" level=info msg="[Save] /189/媒体库/国产剧/悬崖（2012） -> Users/ws/Desktop/test/悬崖（2012）/[www.hmxz.org]悬崖.The.Brink.2012.E02.2160p.WEB-DL.HEVC.AAC-OurTV.strm "
time="2025-10-10T14:14:05+08:00" level=info msg="[Save] /189/媒体库/国产剧/悬崖（2012） -> Users/ws/Desktop/test/悬崖（2012）/[www.hmxz.org]悬崖.The.Brink.2012.E03.2160p.WEB-DL.HEVC.AAC-OurTV.strm "
time="2025-10-10T14:14:05+08:00" level=info msg="[Save] /189/媒体库/国产剧/悬崖（2012） -> Users/ws/Desktop/test/悬崖（2012）/[www.hmxz.org]悬崖.The.Brink.2012.E04.2160p.WEB-DL.HEVC.AAC-OurTV.strm "
time="2025-10-10T14:14:05+08:00" level=info msg="[Save] /189/媒体库/国产剧/悬崖（2012） -> Users/ws/Desktop/test/悬崖（2012）/[www.hmxz.org]悬崖.The.Brink.2012.E05.2160p.WEB-DL.HEVC.AAC-OurTV.strm "
time="2025-10-10T14:14:05+08:00" level=info msg="[Save] /189/媒体库/国产剧/悬崖（2012） -> Users/ws/Desktop/test/悬崖（2012）/[www.hmxz.org]悬崖.The.Brink.2012.E06.2160p.WEB-DL.HEVC.AAC-OurTV.strm "
time="2025-10-10T14:14:05+08:00" level=info msg="[Save] /189/媒体库/国产剧/悬崖（2012） -> Users/ws/Desktop/test/悬崖（2012）/[www.hmxz.org]悬崖.The.Brink.2012.E07.2160p.WEB-DL.HEVC.AAC-OurTV.strm "
time="2025-10-10T14:14:05+08:00" level=info msg="[Save] /189/媒体库/国产剧/悬崖（2012） -> Users/ws/Desktop/test/悬崖（2012）/[www.hmxz.org]悬崖.The.Brink.2012.E08.2160p.WEB-DL.HEVC.AAC-OurTV.strm "
time="2025-10-10T14:14:05+08:00" level=info msg="[Save] /189/媒体库/国产剧/悬崖（2012） -> Users/ws/Desktop/test/悬崖（2012）/[www.hmxz.org]悬崖.The.Brink.2012.E09.2160p.WEB-DL.HEVC.AAC-OurTV.strm "
time="2025-10-10T14:14:05+08:00" level=info msg="[Save] /189/媒体库/国产剧/悬崖（2012） -> Users/ws/Desktop/test/悬崖（2012）/[www.hmxz.org]悬崖.The.Brink.2012.E10.2160p.WEB-DL.HEVC.AAC-OurTV.strm "
time="2025-10-10T14:14:05+08:00" level=info msg="[Save] /189/媒体库/国产剧/悬崖（2012） -> Users/ws/Desktop/test/悬崖（2012）/[www.hmxz.org]悬崖.The.Brink.2012.E11.2160p.WEB-DL.HEVC.AAC-OurTV.strm "
time="2025-10-10T14:14:05+08:00" level=info msg="[Save] /189/媒体库/国产剧/悬崖（2012） -> Users/ws/Desktop/test/悬崖（2012）/[www.hmxz.org]悬崖.The.Brink.2012.E12.2160p.WEB-DL.HEVC.AAC-OurTV.strm "
time="2025-10-10T14:14:05+08:00" level=info msg="[Save] /189/媒体库/国产剧/悬崖（2012） -> Users/ws/Desktop/test/悬崖（2012）/[www.hmxz.org]悬崖.The.Brink.2012.E13.2160p.WEB-DL.HEVC.AAC-OurTV.strm "
time="2025-10-10T14:14:05+08:00" level=info msg="[Save] /189/媒体库/国产剧/悬崖（2012） -> Users/ws/Desktop/test/悬崖（2012）/[www.hmxz.org]悬崖.The.Brink.2012.E14.2160p.WEB-DL.HEVC.AAC-OurTV.strm "
time="2025-10-10T14:14:05+08:00" level=info msg="[Save] /189/媒体库/国产剧/悬崖（2012） -> Users/ws/Desktop/test/悬崖（2012）/[www.hmxz.org]悬崖.The.Brink.2012.E15.2160p.WEB-DL.HEVC.AAC-OurTV.strm "
time="2025-10-10T14:14:05+08:00" level=info msg="[Save] /189/媒体库/国产剧/悬崖（2012） -> Users/ws/Desktop/test/悬崖（2012）/[www.hmxz.org]悬崖.The.Brink.2012.E16.2160p.WEB-DL.HEVC.AAC-OurTV.strm "
time="2025-10-10T14:14:05+08:00" level=info msg="[Save] /189/媒体库/国产剧/悬崖（2012） -> Users/ws/Desktop/test/悬崖（2012）/[www.hmxz.org]悬崖.The.Brink.2012.E17.2160p.WEB-DL.HEVC.AAC-OurTV.strm "
time="2025-10-10T14:14:05+08:00" level=info msg="[Save] /189/媒体库/国产剧/悬崖（2012） -> Users/ws/Desktop/test/悬崖（2012）/[www.hmxz.org]悬崖.The.Brink.2012.E18.2160p.WEB-DL.HEVC.AAC-OurTV.strm "
time="2025-10-10T14:14:05+08:00" level=info msg="[Save] /189/媒体库/国产剧/悬崖（2012） -> Users/ws/Desktop/test/悬崖（2012）/[www.hmxz.org]悬崖.The.Brink.2012.E19.2160p.WEB-DL.HEVC.AAC-OurTV.strm "
time="2025-10-10T14:14:05+08:00" level=info msg="[Save] /189/媒体库/国产剧/悬崖（2012） -> Users/ws/Desktop/test/悬崖（2012）/[www.hmxz.org]悬崖.The.Brink.2012.E20.2160p.WEB-DL.HEVC.AAC-OurTV.strm "
time="2025-10-10T14:14:05+08:00" level=info msg="[Save] /189/媒体库/国产剧/悬崖（2012） -> Users/ws/Desktop/test/悬崖（2012）/[www.hmxz.org]悬崖.The.Brink.2012.E21.2160p.WEB-DL.HEVC.AAC-OurTV.strm "
time="2025-10-10T14:14:05+08:00" level=info msg="[Save] /189/媒体库/国产剧/悬崖（2012） -> Users/ws/Desktop/test/悬崖（2012）/[www.hmxz.org]悬崖.The.Brink.2012.E22.2160p.WEB-DL.HEVC.AAC-OurTV.strm "
time="2025-10-10T14:14:05+08:00" level=info msg="[Save] /189/媒体库/国产剧/悬崖（2012） -> Users/ws/Desktop/test/悬崖（2012）/[www.hmxz.org]悬崖.The.Brink.2012.E23.2160p.WEB-DL.HEVC.AAC-OurTV.strm "
time="2025-10-10T14:14:05+08:00" level=info msg="[Save] /189/媒体库/国产剧/悬崖（2012） -> Users/ws/Desktop/test/悬崖（2012）/[www.hmxz.org]悬崖.The.Brink.2012.E24.2160p.WEB-DL.HEVC.AAC-OurTV.strm "
time="2025-10-10T14:14:05+08:00" level=info msg="[Save] /189/媒体库/国产剧/悬崖（2012） -> Users/ws/Desktop/test/悬崖（2012）/[www.hmxz.org]悬崖.The.Brink.2012.E25.2160p.WEB-DL.HEVC.AAC-OurTV.strm "
time="2025-10-10T14:14:05+08:00" level=info msg="[Save] /189/媒体库/国产剧/悬崖（2012） -> Users/ws/Desktop/test/悬崖（2012）/[www.hmxz.org]悬崖.The.Brink.2012.E26.2160p.WEB-DL.HEVC.AAC-OurTV.strm "
time="2025-10-10T14:14:05+08:00" level=info msg="[Save] /189/媒体库/国产剧/悬崖（2012） -> Users/ws/Desktop/test/悬崖（2012）/[www.hmxz.org]悬崖.The.Brink.2012.E27.2160p.WEB-DL.HEVC.AAC-OurTV.strm "
time="2025-10-10T14:14:05+08:00" level=info msg="[Save] /189/媒体库/国产剧/悬崖（2012） -> Users/ws/Desktop/test/悬崖（2012）/[www.hmxz.org]悬崖.The.Brink.2012.E28.2160p.WEB-DL.HEVC.AAC-OurTV.strm "
time="2025-10-10T14:14:05+08:00" level=info msg="[Save] /189/媒体库/国产剧/悬崖（2012） -> Users/ws/Desktop/test/悬崖（2012）/[www.hmxz.org]悬崖.The.Brink.2012.E29.2160p.WEB-DL.HEVC.AAC-OurTV.strm "
time="2025-10-10T14:14:05+08:00" level=info msg="[Save] /189/媒体库/国产剧/悬崖（2012） -> Users/ws/Desktop/test/悬崖（2012）/[www.hmxz.org]悬崖.The.Brink.2012.E30.2160p.WEB-DL.HEVC.AAC-OurTV.strm "
time="2025-10-10T14:14:05+08:00" level=info msg="[Save] /189/媒体库/国产剧/悬崖（2012） -> Users/ws/Desktop/test/悬崖（2012）/[www.hmxz.org]悬崖.The.Brink.2012.E31.2160p.WEB-DL.HEVC.AAC-OurTV.strm "
time="2025-10-10T14:14:05+08:00" level=info msg="[Save] /189/媒体库/国产剧/悬崖（2012） -> Users/ws/Desktop/test/悬崖（2012）/[www.hmxz.org]悬崖.The.Brink.2012.E32.2160p.WEB-DL.HEVC.AAC-OurTV.strm "
time="2025-10-10T14:14:05+08:00" level=info msg="[Save] /189/媒体库/国产剧/悬崖（2012） -> Users/ws/Desktop/test/悬崖（2012）/[www.hmxz.org]悬崖.The.Brink.2012.E33.2160p.WEB-DL.HEVC.AAC-OurTV.strm "
time="2025-10-10T14:14:05+08:00" level=info msg="[Save] /189/媒体库/国产剧/悬崖（2012） -> Users/ws/Desktop/test/悬崖（2012）/[www.hmxz.org]悬崖.The.Brink.2012.E34.2160p.WEB-DL.HEVC.AAC-OurTV.strm "
time="2025-10-10T14:14:05+08:00" level=info msg="[Save] /189/媒体库/国产剧/悬崖（2012） -> Users/ws/Desktop/test/悬崖（2012）/[www.hmxz.org]悬崖.The.Brink.2012.E35.2160p.WEB-DL.HEVC.AAC-OurTV.strm "
time="2025-10-10T14:14:05+08:00" level=info msg="[Save] /189/媒体库/国产剧/悬崖（2012） -> Users/ws/Desktop/test/悬崖（2012）/[www.hmxz.org]悬崖.The.Brink.2012.E36.2160p.WEB-DL.HEVC.AAC-OurTV.strm "
time="2025-10-10T14:14:05+08:00" level=info msg="[Save] /189/媒体库/国产剧/悬崖（2012） -> Users/ws/Desktop/test/悬崖（2012）/[www.hmxz.org]悬崖.The.Brink.2012.E37.2160p.WEB-DL.HEVC.AAC-OurTV.strm "
time="2025-10-10T14:14:05+08:00" level=info msg="[Save] /189/媒体库/国产剧/悬崖（2012） -> Users/ws/Desktop/test/悬崖（2012）/[www.hmxz.org]悬崖.The.Brink.2012.E38.2160p.WEB-DL.HEVC.AAC-OurTV.strm "
time="2025-10-10T14:14:05+08:00" level=info msg="[Save] /189/媒体库/国产剧/悬崖（2012） -> Users/ws/Desktop/test/悬崖（2012）/[www.hmxz.org]悬崖.The.Brink.2012.E39.2160p.WEB-DL.HEVC.AAC-OurTV.strm "
time="2025-10-10T14:14:05+08:00" level=info msg="[Save] /189/媒体库/国产剧/悬崖（2012） -> Users/ws/Desktop/test/悬崖（2012）/[www.hmxz.org]悬崖.The.Brink.2012.E40.2160p.WEB-DL.HEVC.AAC-OurTV.strm "
time="2025-10-10T14:14:05+08:00" level=info msg="[success] job name: 追更, job id: 2cf7b90b-8409-4f35-8ce9-de6d363b4d1d\n"
time="2025-10-10T14:16:46+08:00" level=info msg="[start] job name: 追更, job id: 2cf7b90b-8409-4f35-8ce9-de6d363b4d1d\n"
time="2025-10-10T14:16:50+08:00" level=info msg="[Save] /189/媒体库/国产剧/悬崖（2012） -> Users/ws/Desktop/test/悬崖（2012）/[www.hmxz.org]悬崖.The.Brink.2012.E01.2160p.WEB-DL.HEVC.AAC-OurTV.strm "
time="2025-10-10T14:16:50+08:00" level=info msg="[Save] /189/媒体库/国产剧/悬崖（2012） -> Users/ws/Desktop/test/悬崖（2012）/[www.hmxz.org]悬崖.The.Brink.2012.E02.2160p.WEB-DL.HEVC.AAC-OurTV.strm "
time="2025-10-10T14:16:50+08:00" level=info msg="[Save] /189/媒体库/国产剧/悬崖（2012） -> Users/ws/Desktop/test/悬崖（2012）/[www.hmxz.org]悬崖.The.Brink.2012.E03.2160p.WEB-DL.HEVC.AAC-OurTV.strm "
time="2025-10-10T14:16:50+08:00" level=info msg="[Save] /189/媒体库/国产剧/悬崖（2012） -> Users/ws/Desktop/test/悬崖（2012）/[www.hmxz.org]悬崖.The.Brink.2012.E04.2160p.WEB-DL.HEVC.AAC-OurTV.strm "
time="2025-10-10T14:16:50+08:00" level=info msg="[Save] /189/媒体库/国产剧/悬崖（2012） -> Users/ws/Desktop/test/悬崖（2012）/[www.hmxz.org]悬崖.The.Brink.2012.E05.2160p.WEB-DL.HEVC.AAC-OurTV.strm "
time="2025-10-10T14:16:50+08:00" level=info msg="[Save] /189/媒体库/国产剧/悬崖（2012） -> Users/ws/Desktop/test/悬崖（2012）/[www.hmxz.org]悬崖.The.Brink.2012.E06.2160p.WEB-DL.HEVC.AAC-OurTV.strm "
time="2025-10-10T14:16:50+08:00" level=info msg="[Save] /189/媒体库/国产剧/悬崖（2012） -> Users/ws/Desktop/test/悬崖（2012）/[www.hmxz.org]悬崖.The.Brink.2012.E07.2160p.WEB-DL.HEVC.AAC-OurTV.strm "
time="2025-10-10T14:16:50+08:00" level=info msg="[Save] /189/媒体库/国产剧/悬崖（2012） -> Users/ws/Desktop/test/悬崖（2012）/[www.hmxz.org]悬崖.The.Brink.2012.E08.2160p.WEB-DL.HEVC.AAC-OurTV.strm "
time="2025-10-10T14:16:50+08:00" level=info msg="[Save] /189/媒体库/国产剧/悬崖（2012） -> Users/ws/Desktop/test/悬崖（2012）/[www.hmxz.org]悬崖.The.Brink.2012.E09.2160p.WEB-DL.HEVC.AAC-OurTV.strm "
time="2025-10-10T14:16:50+08:00" level=info msg="[Save] /189/媒体库/国产剧/悬崖（2012） -> Users/ws/Desktop/test/悬崖（2012）/[www.hmxz.org]悬崖.The.Brink.2012.E10.2160p.WEB-DL.HEVC.AAC-OurTV.strm "
time="2025-10-10T14:16:50+08:00" level=info msg="[Save] /189/媒体库/国产剧/悬崖（2012） -> Users/ws/Desktop/test/悬崖（2012）/[www.hmxz.org]悬崖.The.Brink.2012.E11.2160p.WEB-DL.HEVC.AAC-OurTV.strm "
time="2025-10-10T14:16:50+08:00" level=info msg="[Save] /189/媒体库/国产剧/悬崖（2012） -> Users/ws/Desktop/test/悬崖（2012）/[www.hmxz.org]悬崖.The.Brink.2012.E12.2160p.WEB-DL.HEVC.AAC-OurTV.strm "
time="2025-10-10T14:16:50+08:00" level=info msg="[Save] /189/媒体库/国产剧/悬崖（2012） -> Users/ws/Desktop/test/悬崖（2012）/[www.hmxz.org]悬崖.The.Brink.2012.E13.2160p.WEB-DL.HEVC.AAC-OurTV.strm "
time="2025-10-10T14:16:50+08:00" level=info msg="[Save] /189/媒体库/国产剧/悬崖（2012） -> Users/ws/Desktop/test/悬崖（2012）/[www.hmxz.org]悬崖.The.Brink.2012.E14.2160p.WEB-DL.HEVC.AAC-OurTV.strm "
time="2025-10-10T14:16:50+08:00" level=info msg="[Save] /189/媒体库/国产剧/悬崖（2012） -> Users/ws/Desktop/test/悬崖（2012）/[www.hmxz.org]悬崖.The.Brink.2012.E15.2160p.WEB-DL.HEVC.AAC-OurTV.strm "
time="2025-10-10T14:16:50+08:00" level=info msg="[Save] /189/媒体库/国产剧/悬崖（2012） -> Users/ws/Desktop/test/悬崖（2012）/[www.hmxz.org]悬崖.The.Brink.2012.E16.2160p.WEB-DL.HEVC.AAC-OurTV.strm "
time="2025-10-10T14:16:50+08:00" level=info msg="[Save] /189/媒体库/国产剧/悬崖（2012） -> Users/ws/Desktop/test/悬崖（2012）/[www.hmxz.org]悬崖.The.Brink.2012.E17.2160p.WEB-DL.HEVC.AAC-OurTV.strm "
time="2025-10-10T14:16:50+08:00" level=info msg="[Save] /189/媒体库/国产剧/悬崖（2012） -> Users/ws/Desktop/test/悬崖（2012）/[www.hmxz.org]悬崖.The.Brink.2012.E18.2160p.WEB-DL.HEVC.AAC-OurTV.strm "
time="2025-10-10T14:16:50+08:00" level=info msg="[Save] /189/媒体库/国产剧/悬崖（2012） -> Users/ws/Desktop/test/悬崖（2012）/[www.hmxz.org]悬崖.The.Brink.2012.E19.2160p.WEB-DL.HEVC.AAC-OurTV.strm "
time="2025-10-10T14:16:50+08:00" level=info msg="[Save] /189/媒体库/国产剧/悬崖（2012） -> Users/ws/Desktop/test/悬崖（2012）/[www.hmxz.org]悬崖.The.Brink.2012.E20.2160p.WEB-DL.HEVC.AAC-OurTV.strm "
time="2025-10-10T14:16:50+08:00" level=info msg="[Save] /189/媒体库/国产剧/悬崖（2012） -> Users/ws/Desktop/test/悬崖（2012）/[www.hmxz.org]悬崖.The.Brink.2012.E21.2160p.WEB-DL.HEVC.AAC-OurTV.strm "
time="2025-10-10T14:16:50+08:00" level=info msg="[Save] /189/媒体库/国产剧/悬崖（2012） -> Users/ws/Desktop/test/悬崖（2012）/[www.hmxz.org]悬崖.The.Brink.2012.E22.2160p.WEB-DL.HEVC.AAC-OurTV.strm "
time="2025-10-10T14:16:50+08:00" level=info msg="[Save] /189/媒体库/国产剧/悬崖（2012） -> Users/ws/Desktop/test/悬崖（2012）/[www.hmxz.org]悬崖.The.Brink.2012.E23.2160p.WEB-DL.HEVC.AAC-OurTV.strm "
time="2025-10-10T14:16:50+08:00" level=info msg="[Save] /189/媒体库/国产剧/悬崖（2012） -> Users/ws/Desktop/test/悬崖（2012）/[www.hmxz.org]悬崖.The.Brink.2012.E24.2160p.WEB-DL.HEVC.AAC-OurTV.strm "
time="2025-10-10T14:16:50+08:00" level=info msg="[Save] /189/媒体库/国产剧/悬崖（2012） -> Users/ws/Desktop/test/悬崖（2012）/[www.hmxz.org]悬崖.The.Brink.2012.E25.2160p.WEB-DL.HEVC.AAC-OurTV.strm "
time="2025-10-10T14:16:50+08:00" level=info msg="[Save] /189/媒体库/国产剧/悬崖（2012） -> Users/ws/Desktop/test/悬崖（2012）/[www.hmxz.org]悬崖.The.Brink.2012.E26.2160p.WEB-DL.HEVC.AAC-OurTV.strm "
time="2025-10-10T14:16:50+08:00" level=info msg="[Save] /189/媒体库/国产剧/悬崖（2012） -> Users/ws/Desktop/test/悬崖（2012）/[www.hmxz.org]悬崖.The.Brink.2012.E27.2160p.WEB-DL.HEVC.AAC-OurTV.strm "
time="2025-10-10T14:16:50+08:00" level=info msg="[Save] /189/媒体库/国产剧/悬崖（2012） -> Users/ws/Desktop/test/悬崖（2012）/[www.hmxz.org]悬崖.The.Brink.2012.E28.2160p.WEB-DL.HEVC.AAC-OurTV.strm "
time="2025-10-10T14:16:50+08:00" level=info msg="[Save] /189/媒体库/国产剧/悬崖（2012） -> Users/ws/Desktop/test/悬崖（2012）/[www.hmxz.org]悬崖.The.Brink.2012.E29.2160p.WEB-DL.HEVC.AAC-OurTV.strm "
time="2025-10-10T14:16:50+08:00" level=info msg="[Save] /189/媒体库/国产剧/悬崖（2012） -> Users/ws/Desktop/test/悬崖（2012）/[www.hmxz.org]悬崖.The.Brink.2012.E30.2160p.WEB-DL.HEVC.AAC-OurTV.strm "
time="2025-10-10T14:16:50+08:00" level=info msg="[Save] /189/媒体库/国产剧/悬崖（2012） -> Users/ws/Desktop/test/悬崖（2012）/[www.hmxz.org]悬崖.The.Brink.2012.E31.2160p.WEB-DL.HEVC.AAC-OurTV.strm "
time="2025-10-10T14:16:50+08:00" level=info msg="[Save] /189/媒体库/国产剧/悬崖（2012） -> Users/ws/Desktop/test/悬崖（2012）/[www.hmxz.org]悬崖.The.Brink.2012.E32.2160p.WEB-DL.HEVC.AAC-OurTV.strm "
time="2025-10-10T14:16:50+08:00" level=info msg="[Save] /189/媒体库/国产剧/悬崖（2012） -> Users/ws/Desktop/test/悬崖（2012）/[www.hmxz.org]悬崖.The.Brink.2012.E33.2160p.WEB-DL.HEVC.AAC-OurTV.strm "
time="2025-10-10T14:16:50+08:00" level=info msg="[Save] /189/媒体库/国产剧/悬崖（2012） -> Users/ws/Desktop/test/悬崖（2012）/[www.hmxz.org]悬崖.The.Brink.2012.E34.2160p.WEB-DL.HEVC.AAC-OurTV.strm "
time="2025-10-10T14:16:50+08:00" level=info msg="[Save] /189/媒体库/国产剧/悬崖（2012） -> Users/ws/Desktop/test/悬崖（2012）/[www.hmxz.org]悬崖.The.Brink.2012.E35.2160p.WEB-DL.HEVC.AAC-OurTV.strm "
time="2025-10-10T14:16:50+08:00" level=info msg="[Save] /189/媒体库/国产剧/悬崖（2012） -> Users/ws/Desktop/test/悬崖（2012）/[www.hmxz.org]悬崖.The.Brink.2012.E36.2160p.WEB-DL.HEVC.AAC-OurTV.strm "
time="2025-10-10T14:16:50+08:00" level=info msg="[Save] /189/媒体库/国产剧/悬崖（2012） -> Users/ws/Desktop/test/悬崖（2012）/[www.hmxz.org]悬崖.The.Brink.2012.E37.2160p.WEB-DL.HEVC.AAC-OurTV.strm "
time="2025-10-10T14:16:50+08:00" level=info msg="[Save] /189/媒体库/国产剧/悬崖（2012） -> Users/ws/Desktop/test/悬崖（2012）/[www.hmxz.org]悬崖.The.Brink.2012.E38.2160p.WEB-DL.HEVC.AAC-OurTV.strm "
time="2025-10-10T14:16:50+08:00" level=info msg="[Save] /189/媒体库/国产剧/悬崖（2012） -> Users/ws/Desktop/test/悬崖（2012）/[www.hmxz.org]悬崖.The.Brink.2012.E39.2160p.WEB-DL.HEVC.AAC-OurTV.strm "
time="2025-10-10T14:16:50+08:00" level=info msg="[Save] /189/媒体库/国产剧/悬崖（2012） -> Users/ws/Desktop/test/悬崖（2012）/[www.hmxz.org]悬崖.The.Brink.2012.E40.2160p.WEB-DL.HEVC.AAC-OurTV.strm "
time="2025-10-10T14:16:50+08:00" level=info msg="[success] job name: 追更, job id: 2cf7b90b-8409-4f35-8ce9-de6d363b4d1d\n"
time="2025-10-10T14:17:36+08:00" level=info msg="[start] job name: 追更, job id: 2cf7b90b-8409-4f35-8ce9-de6d363b4d1d\n"
time="2025-10-10T14:18:07+08:00" level=error msg="list /189/媒体库/国产剧/悬崖（2012） error: [FsList Error] path: /189/媒体库/国产剧/悬崖（2012）, uri: api/fs/list, err: Post \"http://43.134.178.74:5244/api/fs/list\": context deadline exceeded (Client.Timeout exceeded while awaiting headers)"
time="2025-10-10T14:18:07+08:00" level=error msg="[FsList Error] path: /189/媒体库/国产剧/悬崖（2012）, uri: api/fs/list, err: Post \"http://43.134.178.74:5244/api/fs/list\": context deadline exceeded (Client.Timeout exceeded while awaiting headers)"
time="2025-10-10T14:18:07+08:00" level=info msg="[failed] job name: 追更, job id: 2cf7b90b-8409-4f35-8ce9-de6d363b4d1d, err: [FsList Error] path: /189/媒体库/国产剧/悬崖（2012）, uri: api/fs/list, err: Post \"http://43.134.178.74:5244/api/fs/list\": context deadline exceeded (Client.Timeout exceeded while awaiting headers)\n"
time="2025-10-10T14:18:38+08:00" level=info msg="[start] job name: 追更, job id: 01c5de94-75b5-4195-8afd-58f3d89f9a4f\n"
time="2025-10-10T14:19:09+08:00" level=error msg="list /189/媒体库/国产剧/悬崖（2012） error: [FsList Error] path: /189/媒体库/国产剧/悬崖（2012）, uri: api/fs/list, err: Post \"http://43.134.178.74:5244/api/fs/list\": context deadline exceeded (Client.Timeout exceeded while awaiting headers)"
time="2025-10-10T14:19:09+08:00" level=error msg="[FsList Error] path: /189/媒体库/国产剧/悬崖（2012）, uri: api/fs/list, err: Post \"http://43.134.178.74:5244/api/fs/list\": context deadline exceeded (Client.Timeout exceeded while awaiting headers)"
time="2025-10-10T14:19:09+08:00" level=info msg="[failed] job name: 追更, job id: 01c5de94-75b5-4195-8afd-58f3d89f9a4f, err: [FsList Error] path: /189/媒体库/国产剧/悬崖（2012）, uri: api/fs/list, err: Post \"http://43.134.178.74:5244/api/fs/list\": context deadline exceeded (Client.Timeout exceeded while awaiting headers)\n"
time="2025-10-10T14:21:22+08:00" level=info msg="[start] job name: 追更, job id: 01c5de94-75b5-4195-8afd-58f3d89f9a4f\n"
time="2025-10-10T14:21:23+08:00" level=info msg="[Save] /189/媒体库/国产剧/悬崖（2012） -> Users/ws/Desktop/悬崖（2012）/[www.hmxz.org]悬崖.The.Brink.2012.E01.2160p.WEB-DL.HEVC.AAC-OurTV.strm "
time="2025-10-10T14:21:23+08:00" level=info msg="[Save] /189/媒体库/国产剧/悬崖（2012） -> Users/ws/Desktop/悬崖（2012）/[www.hmxz.org]悬崖.The.Brink.2012.E02.2160p.WEB-DL.HEVC.AAC-OurTV.strm "
time="2025-10-10T14:21:23+08:00" level=info msg="[Save] /189/媒体库/国产剧/悬崖（2012） -> Users/ws/Desktop/悬崖（2012）/[www.hmxz.org]悬崖.The.Brink.2012.E03.2160p.WEB-DL.HEVC.AAC-OurTV.strm "
time="2025-10-10T14:21:23+08:00" level=info msg="[Save] /189/媒体库/国产剧/悬崖（2012） -> Users/ws/Desktop/悬崖（2012）/[www.hmxz.org]悬崖.The.Brink.2012.E04.2160p.WEB-DL.HEVC.AAC-OurTV.strm "
time="2025-10-10T14:21:23+08:00" level=info msg="[Save] /189/媒体库/国产剧/悬崖（2012） -> Users/ws/Desktop/悬崖（2012）/[www.hmxz.org]悬崖.The.Brink.2012.E05.2160p.WEB-DL.HEVC.AAC-OurTV.strm "
time="2025-10-10T14:21:23+08:00" level=info msg="[Save] /189/媒体库/国产剧/悬崖（2012） -> Users/ws/Desktop/悬崖（2012）/[www.hmxz.org]悬崖.The.Brink.2012.E06.2160p.WEB-DL.HEVC.AAC-OurTV.strm "
time="2025-10-10T14:21:23+08:00" level=info msg="[Save] /189/媒体库/国产剧/悬崖（2012） -> Users/ws/Desktop/悬崖（2012）/[www.hmxz.org]悬崖.The.Brink.2012.E07.2160p.WEB-DL.HEVC.AAC-OurTV.strm "
time="2025-10-10T14:21:23+08:00" level=info msg="[Save] /189/媒体库/国产剧/悬崖（2012） -> Users/ws/Desktop/悬崖（2012）/[www.hmxz.org]悬崖.The.Brink.2012.E08.2160p.WEB-DL.HEVC.AAC-OurTV.strm "
time="2025-10-10T14:21:23+08:00" level=info msg="[Save] /189/媒体库/国产剧/悬崖（2012） -> Users/ws/Desktop/悬崖（2012）/[www.hmxz.org]悬崖.The.Brink.2012.E09.2160p.WEB-DL.HEVC.AAC-OurTV.strm "
time="2025-10-10T14:21:23+08:00" level=info msg="[Save] /189/媒体库/国产剧/悬崖（2012） -> Users/ws/Desktop/悬崖（2012）/[www.hmxz.org]悬崖.The.Brink.2012.E10.2160p.WEB-DL.HEVC.AAC-OurTV.strm "
time="2025-10-10T14:21:23+08:00" level=info msg="[Save] /189/媒体库/国产剧/悬崖（2012） -> Users/ws/Desktop/悬崖（2012）/[www.hmxz.org]悬崖.The.Brink.2012.E11.2160p.WEB-DL.HEVC.AAC-OurTV.strm "
time="2025-10-10T14:21:23+08:00" level=info msg="[Save] /189/媒体库/国产剧/悬崖（2012） -> Users/ws/Desktop/悬崖（2012）/[www.hmxz.org]悬崖.The.Brink.2012.E12.2160p.WEB-DL.HEVC.AAC-OurTV.strm "
time="2025-10-10T14:21:23+08:00" level=info msg="[Save] /189/媒体库/国产剧/悬崖（2012） -> Users/ws/Desktop/悬崖（2012）/[www.hmxz.org]悬崖.The.Brink.2012.E13.2160p.WEB-DL.HEVC.AAC-OurTV.strm "
time="2025-10-10T14:21:23+08:00" level=info msg="[Save] /189/媒体库/国产剧/悬崖（2012） -> Users/ws/Desktop/悬崖（2012）/[www.hmxz.org]悬崖.The.Brink.2012.E14.2160p.WEB-DL.HEVC.AAC-OurTV.strm "
time="2025-10-10T14:21:23+08:00" level=info msg="[Save] /189/媒体库/国产剧/悬崖（2012） -> Users/ws/Desktop/悬崖（2012）/[www.hmxz.org]悬崖.The.Brink.2012.E15.2160p.WEB-DL.HEVC.AAC-OurTV.strm "
time="2025-10-10T14:21:23+08:00" level=info msg="[Save] /189/媒体库/国产剧/悬崖（2012） -> Users/ws/Desktop/悬崖（2012）/[www.hmxz.org]悬崖.The.Brink.2012.E16.2160p.WEB-DL.HEVC.AAC-OurTV.strm "
time="2025-10-10T14:21:23+08:00" level=info msg="[Save] /189/媒体库/国产剧/悬崖（2012） -> Users/ws/Desktop/悬崖（2012）/[www.hmxz.org]悬崖.The.Brink.2012.E17.2160p.WEB-DL.HEVC.AAC-OurTV.strm "
time="2025-10-10T14:21:23+08:00" level=info msg="[Save] /189/媒体库/国产剧/悬崖（2012） -> Users/ws/Desktop/悬崖（2012）/[www.hmxz.org]悬崖.The.Brink.2012.E18.2160p.WEB-DL.HEVC.AAC-OurTV.strm "
time="2025-10-10T14:21:23+08:00" level=info msg="[Save] /189/媒体库/国产剧/悬崖（2012） -> Users/ws/Desktop/悬崖（2012）/[www.hmxz.org]悬崖.The.Brink.2012.E19.2160p.WEB-DL.HEVC.AAC-OurTV.strm "
time="2025-10-10T14:21:23+08:00" level=info msg="[Save] /189/媒体库/国产剧/悬崖（2012） -> Users/ws/Desktop/悬崖（2012）/[www.hmxz.org]悬崖.The.Brink.2012.E20.2160p.WEB-DL.HEVC.AAC-OurTV.strm "
time="2025-10-10T14:21:23+08:00" level=info msg="[Save] /189/媒体库/国产剧/悬崖（2012） -> Users/ws/Desktop/悬崖（2012）/[www.hmxz.org]悬崖.The.Brink.2012.E21.2160p.WEB-DL.HEVC.AAC-OurTV.strm "
time="2025-10-10T14:21:23+08:00" level=info msg="[Save] /189/媒体库/国产剧/悬崖（2012） -> Users/ws/Desktop/悬崖（2012）/[www.hmxz.org]悬崖.The.Brink.2012.E22.2160p.WEB-DL.HEVC.AAC-OurTV.strm "
time="2025-10-10T14:21:23+08:00" level=info msg="[Save] /189/媒体库/国产剧/悬崖（2012） -> Users/ws/Desktop/悬崖（2012）/[www.hmxz.org]悬崖.The.Brink.2012.E23.2160p.WEB-DL.HEVC.AAC-OurTV.strm "
time="2025-10-10T14:21:23+08:00" level=info msg="[Save] /189/媒体库/国产剧/悬崖（2012） -> Users/ws/Desktop/悬崖（2012）/[www.hmxz.org]悬崖.The.Brink.2012.E24.2160p.WEB-DL.HEVC.AAC-OurTV.strm "
time="2025-10-10T14:21:23+08:00" level=info msg="[Save] /189/媒体库/国产剧/悬崖（2012） -> Users/ws/Desktop/悬崖（2012）/[www.hmxz.org]悬崖.The.Brink.2012.E25.2160p.WEB-DL.HEVC.AAC-OurTV.strm "
time="2025-10-10T14:21:23+08:00" level=info msg="[Save] /189/媒体库/国产剧/悬崖（2012） -> Users/ws/Desktop/悬崖（2012）/[www.hmxz.org]悬崖.The.Brink.2012.E26.2160p.WEB-DL.HEVC.AAC-OurTV.strm "
time="2025-10-10T14:21:23+08:00" level=info msg="[Save] /189/媒体库/国产剧/悬崖（2012） -> Users/ws/Desktop/悬崖（2012）/[www.hmxz.org]悬崖.The.Brink.2012.E27.2160p.WEB-DL.HEVC.AAC-OurTV.strm "
time="2025-10-10T14:21:23+08:00" level=info msg="[Save] /189/媒体库/国产剧/悬崖（2012） -> Users/ws/Desktop/悬崖（2012）/[www.hmxz.org]悬崖.The.Brink.2012.E28.2160p.WEB-DL.HEVC.AAC-OurTV.strm "
time="2025-10-10T14:21:23+08:00" level=info msg="[Save] /189/媒体库/国产剧/悬崖（2012） -> Users/ws/Desktop/悬崖（2012）/[www.hmxz.org]悬崖.The.Brink.2012.E29.2160p.WEB-DL.HEVC.AAC-OurTV.strm "
time="2025-10-10T14:21:23+08:00" level=info msg="[Save] /189/媒体库/国产剧/悬崖（2012） -> Users/ws/Desktop/悬崖（2012）/[www.hmxz.org]悬崖.The.Brink.2012.E30.2160p.WEB-DL.HEVC.AAC-OurTV.strm "
time="2025-10-10T14:21:23+08:00" level=info msg="[Save] /189/媒体库/国产剧/悬崖（2012） -> Users/ws/Desktop/悬崖（2012）/[www.hmxz.org]悬崖.The.Brink.2012.E31.2160p.WEB-DL.HEVC.AAC-OurTV.strm "
time="2025-10-10T14:21:23+08:00" level=info msg="[Save] /189/媒体库/国产剧/悬崖（2012） -> Users/ws/Desktop/悬崖（2012）/[www.hmxz.org]悬崖.The.Brink.2012.E32.2160p.WEB-DL.HEVC.AAC-OurTV.strm "
time="2025-10-10T14:21:23+08:00" level=info msg="[Save] /189/媒体库/国产剧/悬崖（2012） -> Users/ws/Desktop/悬崖（2012）/[www.hmxz.org]悬崖.The.Brink.2012.E33.2160p.WEB-DL.HEVC.AAC-OurTV.strm "
time="2025-10-10T14:21:23+08:00" level=info msg="[Save] /189/媒体库/国产剧/悬崖（2012） -> Users/ws/Desktop/悬崖（2012）/[www.hmxz.org]悬崖.The.Brink.2012.E34.2160p.WEB-DL.HEVC.AAC-OurTV.strm "
time="2025-10-10T14:21:23+08:00" level=info msg="[Save] /189/媒体库/国产剧/悬崖（2012） -> Users/ws/Desktop/悬崖（2012）/[www.hmxz.org]悬崖.The.Brink.2012.E35.2160p.WEB-DL.HEVC.AAC-OurTV.strm "
time="2025-10-10T14:21:23+08:00" level=info msg="[Save] /189/媒体库/国产剧/悬崖（2012） -> Users/ws/Desktop/悬崖（2012）/[www.hmxz.org]悬崖.The.Brink.2012.E36.2160p.WEB-DL.HEVC.AAC-OurTV.strm "
time="2025-10-10T14:21:23+08:00" level=info msg="[Save] /189/媒体库/国产剧/悬崖（2012） -> Users/ws/Desktop/悬崖（2012）/[www.hmxz.org]悬崖.The.Brink.2012.E37.2160p.WEB-DL.HEVC.AAC-OurTV.strm "
time="2025-10-10T14:21:23+08:00" level=info msg="[Save] /189/媒体库/国产剧/悬崖（2012） -> Users/ws/Desktop/悬崖（2012）/[www.hmxz.org]悬崖.The.Brink.2012.E38.2160p.WEB-DL.HEVC.AAC-OurTV.strm "
time="2025-10-10T14:21:23+08:00" level=info msg="[Save] /189/媒体库/国产剧/悬崖（2012） -> Users/ws/Desktop/悬崖（2012）/[www.hmxz.org]悬崖.The.Brink.2012.E39.2160p.WEB-DL.HEVC.AAC-OurTV.strm "
time="2025-10-10T14:21:23+08:00" level=info msg="[Save] /189/媒体库/国产剧/悬崖（2012） -> Users/ws/Desktop/悬崖（2012）/[www.hmxz.org]悬崖.The.Brink.2012.E40.2160p.WEB-DL.HEVC.AAC-OurTV.strm "
time="2025-10-10T14:21:23+08:00" level=info msg="[success] job name: 追更, job id: 01c5de94-75b5-4195-8afd-58f3d89f9a4f\n"
time="2025-10-10T14:22:48+08:00" level=info msg="[start] job name: 追更, job id: 01c5de94-75b5-4195-8afd-58f3d89f9a4f\n"
time="2025-10-10T14:23:14+08:00" level=info msg="[start] job name: 追更, job id: 2d8d46a2-33bd-4306-968c-df732d456f83\n"
time="2025-10-10T14:25:18+08:00" level=info msg="[start] job name: 追更, job id: c5a7070f-9a6f-4863-a139-db14c0de024c\n"
time="2025-10-10T14:26:27+08:00" level=info msg="[start] job name: 追更, job id: 3ceccb64-8659-495e-837c-c7c6144b7317\n"
time="2025-10-10T14:26:47+08:00" level=info msg="[Save] /189/媒体库/国产剧/悬崖（2012） -> Users/ws/Desktop/悬崖（2012）/[www.hmxz.org]悬崖.The.Brink.2012.E01.2160p.WEB-DL.HEVC.AAC-OurTV.strm "
time="2025-10-10T14:26:49+08:00" level=info msg="[Save] /189/媒体库/国产剧/悬崖（2012） -> Users/ws/Desktop/悬崖（2012）/[www.hmxz.org]悬崖.The.Brink.2012.E02.2160p.WEB-DL.HEVC.AAC-OurTV.strm "
time="2025-10-10T14:26:52+08:00" level=info msg="[Save] /189/媒体库/国产剧/悬崖（2012） -> Users/ws/Desktop/悬崖（2012）/[www.hmxz.org]悬崖.The.Brink.2012.E03.2160p.WEB-DL.HEVC.AAC-OurTV.strm "
time="2025-10-10T14:26:52+08:00" level=info msg="[Save] /189/媒体库/国产剧/悬崖（2012） -> Users/ws/Desktop/悬崖（2012）/[www.hmxz.org]悬崖.The.Brink.2012.E04.2160p.WEB-DL.HEVC.AAC-OurTV.strm "
time="2025-10-10T14:26:52+08:00" level=info msg="[Save] /189/媒体库/国产剧/悬崖（2012） -> Users/ws/Desktop/悬崖（2012）/[www.hmxz.org]悬崖.The.Brink.2012.E05.2160p.WEB-DL.HEVC.AAC-OurTV.strm "
time="2025-10-10T14:26:52+08:00" level=info msg="[Save] /189/媒体库/国产剧/悬崖（2012） -> Users/ws/Desktop/悬崖（2012）/[www.hmxz.org]悬崖.The.Brink.2012.E06.2160p.WEB-DL.HEVC.AAC-OurTV.strm "
time="2025-10-10T14:26:52+08:00" level=info msg="[Save] /189/媒体库/国产剧/悬崖（2012） -> Users/ws/Desktop/悬崖（2012）/[www.hmxz.org]悬崖.The.Brink.2012.E07.2160p.WEB-DL.HEVC.AAC-OurTV.strm "
time="2025-10-10T14:26:52+08:00" level=info msg="[Save] /189/媒体库/国产剧/悬崖（2012） -> Users/ws/Desktop/悬崖（2012）/[www.hmxz.org]悬崖.The.Brink.2012.E08.2160p.WEB-DL.HEVC.AAC-OurTV.strm "
time="2025-10-10T14:26:52+08:00" level=info msg="[Save] /189/媒体库/国产剧/悬崖（2012） -> Users/ws/Desktop/悬崖（2012）/[www.hmxz.org]悬崖.The.Brink.2012.E09.2160p.WEB-DL.HEVC.AAC-OurTV.strm "
time="2025-10-10T14:26:52+08:00" level=info msg="[Save] /189/媒体库/国产剧/悬崖（2012） -> Users/ws/Desktop/悬崖（2012）/[www.hmxz.org]悬崖.The.Brink.2012.E10.2160p.WEB-DL.HEVC.AAC-OurTV.strm "
time="2025-10-10T14:26:52+08:00" level=info msg="[Save] /189/媒体库/国产剧/悬崖（2012） -> Users/ws/Desktop/悬崖（2012）/[www.hmxz.org]悬崖.The.Brink.2012.E11.2160p.WEB-DL.HEVC.AAC-OurTV.strm "
time="2025-10-10T14:26:52+08:00" level=info msg="[Save] /189/媒体库/国产剧/悬崖（2012） -> Users/ws/Desktop/悬崖（2012）/[www.hmxz.org]悬崖.The.Brink.2012.E12.2160p.WEB-DL.HEVC.AAC-OurTV.strm "
time="2025-10-10T14:26:52+08:00" level=info msg="[Save] /189/媒体库/国产剧/悬崖（2012） -> Users/ws/Desktop/悬崖（2012）/[www.hmxz.org]悬崖.The.Brink.2012.E13.2160p.WEB-DL.HEVC.AAC-OurTV.strm "
time="2025-10-10T14:26:52+08:00" level=info msg="[Save] /189/媒体库/国产剧/悬崖（2012） -> Users/ws/Desktop/悬崖（2012）/[www.hmxz.org]悬崖.The.Brink.2012.E14.2160p.WEB-DL.HEVC.AAC-OurTV.strm "
time="2025-10-10T14:26:52+08:00" level=info msg="[Save] /189/媒体库/国产剧/悬崖（2012） -> Users/ws/Desktop/悬崖（2012）/[www.hmxz.org]悬崖.The.Brink.2012.E15.2160p.WEB-DL.HEVC.AAC-OurTV.strm "
time="2025-10-10T14:26:52+08:00" level=info msg="[Save] /189/媒体库/国产剧/悬崖（2012） -> Users/ws/Desktop/悬崖（2012）/[www.hmxz.org]悬崖.The.Brink.2012.E16.2160p.WEB-DL.HEVC.AAC-OurTV.strm "
time="2025-10-10T14:26:52+08:00" level=info msg="[Save] /189/媒体库/国产剧/悬崖（2012） -> Users/ws/Desktop/悬崖（2012）/[www.hmxz.org]悬崖.The.Brink.2012.E17.2160p.WEB-DL.HEVC.AAC-OurTV.strm "
time="2025-10-10T14:26:52+08:00" level=info msg="[Save] /189/媒体库/国产剧/悬崖（2012） -> Users/ws/Desktop/悬崖（2012）/[www.hmxz.org]悬崖.The.Brink.2012.E18.2160p.WEB-DL.HEVC.AAC-OurTV.strm "
time="2025-10-10T14:26:52+08:00" level=info msg="[Save] /189/媒体库/国产剧/悬崖（2012） -> Users/ws/Desktop/悬崖（2012）/[www.hmxz.org]悬崖.The.Brink.2012.E19.2160p.WEB-DL.HEVC.AAC-OurTV.strm "
time="2025-10-10T14:26:52+08:00" level=info msg="[Save] /189/媒体库/国产剧/悬崖（2012） -> Users/ws/Desktop/悬崖（2012）/[www.hmxz.org]悬崖.The.Brink.2012.E20.2160p.WEB-DL.HEVC.AAC-OurTV.strm "
time="2025-10-10T14:26:52+08:00" level=info msg="[Save] /189/媒体库/国产剧/悬崖（2012） -> Users/ws/Desktop/悬崖（2012）/[www.hmxz.org]悬崖.The.Brink.2012.E21.2160p.WEB-DL.HEVC.AAC-OurTV.strm "
time="2025-10-10T14:26:52+08:00" level=info msg="[Save] /189/媒体库/国产剧/悬崖（2012） -> Users/ws/Desktop/悬崖（2012）/[www.hmxz.org]悬崖.The.Brink.2012.E22.2160p.WEB-DL.HEVC.AAC-OurTV.strm "
time="2025-10-10T14:26:52+08:00" level=info msg="[Save] /189/媒体库/国产剧/悬崖（2012） -> Users/ws/Desktop/悬崖（2012）/[www.hmxz.org]悬崖.The.Brink.2012.E23.2160p.WEB-DL.HEVC.AAC-OurTV.strm "
time="2025-10-10T14:26:52+08:00" level=info msg="[Save] /189/媒体库/国产剧/悬崖（2012） -> Users/ws/Desktop/悬崖（2012）/[www.hmxz.org]悬崖.The.Brink.2012.E24.2160p.WEB-DL.HEVC.AAC-OurTV.strm "
time="2025-10-10T14:26:52+08:00" level=info msg="[Save] /189/媒体库/国产剧/悬崖（2012） -> Users/ws/Desktop/悬崖（2012）/[www.hmxz.org]悬崖.The.Brink.2012.E25.2160p.WEB-DL.HEVC.AAC-OurTV.strm "
time="2025-10-10T14:26:52+08:00" level=info msg="[Save] /189/媒体库/国产剧/悬崖（2012） -> Users/ws/Desktop/悬崖（2012）/[www.hmxz.org]悬崖.The.Brink.2012.E26.2160p.WEB-DL.HEVC.AAC-OurTV.strm "
time="2025-10-10T14:26:52+08:00" level=info msg="[Save] /189/媒体库/国产剧/悬崖（2012） -> Users/ws/Desktop/悬崖（2012）/[www.hmxz.org]悬崖.The.Brink.2012.E27.2160p.WEB-DL.HEVC.AAC-OurTV.strm "
time="2025-10-10T14:26:52+08:00" level=info msg="[Save] /189/媒体库/国产剧/悬崖（2012） -> Users/ws/Desktop/悬崖（2012）/[www.hmxz.org]悬崖.The.Brink.2012.E28.2160p.WEB-DL.HEVC.AAC-OurTV.strm "
time="2025-10-10T14:26:52+08:00" level=info msg="[Save] /189/媒体库/国产剧/悬崖（2012） -> Users/ws/Desktop/悬崖（2012）/[www.hmxz.org]悬崖.The.Brink.2012.E29.2160p.WEB-DL.HEVC.AAC-OurTV.strm "
time="2025-10-10T14:26:52+08:00" level=info msg="[Save] /189/媒体库/国产剧/悬崖（2012） -> Users/ws/Desktop/悬崖（2012）/[www.hmxz.org]悬崖.The.Brink.2012.E30.2160p.WEB-DL.HEVC.AAC-OurTV.strm "
time="2025-10-10T14:26:52+08:00" level=info msg="[Save] /189/媒体库/国产剧/悬崖（2012） -> Users/ws/Desktop/悬崖（2012）/[www.hmxz.org]悬崖.The.Brink.2012.E31.2160p.WEB-DL.HEVC.AAC-OurTV.strm "
time="2025-10-10T14:26:52+08:00" level=info msg="[Save] /189/媒体库/国产剧/悬崖（2012） -> Users/ws/Desktop/悬崖（2012）/[www.hmxz.org]悬崖.The.Brink.2012.E32.2160p.WEB-DL.HEVC.AAC-OurTV.strm "
time="2025-10-10T14:26:52+08:00" level=info msg="[Save] /189/媒体库/国产剧/悬崖（2012） -> Users/ws/Desktop/悬崖（2012）/[www.hmxz.org]悬崖.The.Brink.2012.E33.2160p.WEB-DL.HEVC.AAC-OurTV.strm "
time="2025-10-10T14:26:52+08:00" level=info msg="[Save] /189/媒体库/国产剧/悬崖（2012） -> Users/ws/Desktop/悬崖（2012）/[www.hmxz.org]悬崖.The.Brink.2012.E34.2160p.WEB-DL.HEVC.AAC-OurTV.strm "
time="2025-10-10T14:26:52+08:00" level=info msg="[Save] /189/媒体库/国产剧/悬崖（2012） -> Users/ws/Desktop/悬崖（2012）/[www.hmxz.org]悬崖.The.Brink.2012.E35.2160p.WEB-DL.HEVC.AAC-OurTV.strm "
time="2025-10-10T14:26:52+08:00" level=info msg="[Save] /189/媒体库/国产剧/悬崖（2012） -> Users/ws/Desktop/悬崖（2012）/[www.hmxz.org]悬崖.The.Brink.2012.E36.2160p.WEB-DL.HEVC.AAC-OurTV.strm "
time="2025-10-10T14:26:52+08:00" level=info msg="[Save] /189/媒体库/国产剧/悬崖（2012） -> Users/ws/Desktop/悬崖（2012）/[www.hmxz.org]悬崖.The.Brink.2012.E37.2160p.WEB-DL.HEVC.AAC-OurTV.strm "
time="2025-10-10T14:26:52+08:00" level=info msg="[Save] /189/媒体库/国产剧/悬崖（2012） -> Users/ws/Desktop/悬崖（2012）/[www.hmxz.org]悬崖.The.Brink.2012.E38.2160p.WEB-DL.HEVC.AAC-OurTV.strm "
time="2025-10-10T14:26:52+08:00" level=info msg="[Save] /189/媒体库/国产剧/悬崖（2012） -> Users/ws/Desktop/悬崖（2012）/[www.hmxz.org]悬崖.The.Brink.2012.E39.2160p.WEB-DL.HEVC.AAC-OurTV.strm "
time="2025-10-10T14:26:52+08:00" level=info msg="[Save] /189/媒体库/国产剧/悬崖（2012） -> Users/ws/Desktop/悬崖（2012）/[www.hmxz.org]悬崖.The.Brink.2012.E40.2160p.WEB-DL.HEVC.AAC-OurTV.strm "
time="2025-10-10T14:26:52+08:00" level=info msg="[success] job name: 追更, job id: 3ceccb64-8659-495e-837c-c7c6144b7317\n"
time="2025-10-10T14:27:34+08:00" level=info msg="[start] job name: 追更, job id: 3ceccb64-8659-495e-837c-c7c6144b7317\n"
time="2025-10-10T14:27:49+08:00" level=info msg="[start] job name: 追更, job id: 3ceccb64-8659-495e-837c-c7c6144b7317\n"
time="2025-10-10T14:37:18+08:00" level=info msg="[start] job name: 追更, job id: 3734eefd-3b26-48b9-a651-7961fbd72d3c\n"
time="2025-10-10T14:38:05+08:00" level=info msg="[start] job name: 追更, job id: 2c2b24cf-9e69-4f79-8c12-a7750ea6a443\n"
time="2025-10-10T14:41:32+08:00" level=info msg="[start] job name: 追更, job id: d2462a50-441a-4ab3-9366-166d3a4d606a\n"
time="2025-10-10T14:41:47+08:00" level=info msg="[Save] /189/媒体库/国产剧/悬崖（2012） -> /Users/ws/Desktop/悬崖（2012）/[www.hmxz.org]悬崖.The.Brink.2012.E01.2160p.WEB-DL.HEVC.AAC-OurTV.strm "
time="2025-10-10T14:41:50+08:00" level=info msg="[Save] /189/媒体库/国产剧/悬崖（2012） -> /Users/ws/Desktop/悬崖（2012）/[www.hmxz.org]悬崖.The.Brink.2012.E02.2160p.WEB-DL.HEVC.AAC-OurTV.strm "
time="2025-10-10T14:41:50+08:00" level=info msg="[Save] /189/媒体库/国产剧/悬崖（2012） -> /Users/ws/Desktop/悬崖（2012）/[www.hmxz.org]悬崖.The.Brink.2012.E03.2160p.WEB-DL.HEVC.AAC-OurTV.strm "
time="2025-10-10T14:41:50+08:00" level=info msg="[Save] /189/媒体库/国产剧/悬崖（2012） -> /Users/ws/Desktop/悬崖（2012）/[www.hmxz.org]悬崖.The.Brink.2012.E04.2160p.WEB-DL.HEVC.AAC-OurTV.strm "
time="2025-10-10T14:41:50+08:00" level=info msg="[Save] /189/媒体库/国产剧/悬崖（2012） -> /Users/ws/Desktop/悬崖（2012）/[www.hmxz.org]悬崖.The.Brink.2012.E05.2160p.WEB-DL.HEVC.AAC-OurTV.strm "
time="2025-10-10T14:41:50+08:00" level=info msg="[Save] /189/媒体库/国产剧/悬崖（2012） -> /Users/ws/Desktop/悬崖（2012）/[www.hmxz.org]悬崖.The.Brink.2012.E06.2160p.WEB-DL.HEVC.AAC-OurTV.strm "
time="2025-10-10T14:41:50+08:00" level=info msg="[Save] /189/媒体库/国产剧/悬崖（2012） -> /Users/ws/Desktop/悬崖（2012）/[www.hmxz.org]悬崖.The.Brink.2012.E07.2160p.WEB-DL.HEVC.AAC-OurTV.strm "
time="2025-10-10T14:41:50+08:00" level=info msg="[Save] /189/媒体库/国产剧/悬崖（2012） -> /Users/ws/Desktop/悬崖（2012）/[www.hmxz.org]悬崖.The.Brink.2012.E08.2160p.WEB-DL.HEVC.AAC-OurTV.strm "
time="2025-10-10T14:41:50+08:00" level=info msg="[Save] /189/媒体库/国产剧/悬崖（2012） -> /Users/ws/Desktop/悬崖（2012）/[www.hmxz.org]悬崖.The.Brink.2012.E09.2160p.WEB-DL.HEVC.AAC-OurTV.strm "
time="2025-10-10T14:41:50+08:00" level=info msg="[Save] /189/媒体库/国产剧/悬崖（2012） -> /Users/ws/Desktop/悬崖（2012）/[www.hmxz.org]悬崖.The.Brink.2012.E10.2160p.WEB-DL.HEVC.AAC-OurTV.strm "
time="2025-10-10T14:41:50+08:00" level=info msg="[Save] /189/媒体库/国产剧/悬崖（2012） -> /Users/ws/Desktop/悬崖（2012）/[www.hmxz.org]悬崖.The.Brink.2012.E11.2160p.WEB-DL.HEVC.AAC-OurTV.strm "
time="2025-10-10T14:41:50+08:00" level=info msg="[Save] /189/媒体库/国产剧/悬崖（2012） -> /Users/ws/Desktop/悬崖（2012）/[www.hmxz.org]悬崖.The.Brink.2012.E12.2160p.WEB-DL.HEVC.AAC-OurTV.strm "
time="2025-10-10T14:41:50+08:00" level=info msg="[Save] /189/媒体库/国产剧/悬崖（2012） -> /Users/ws/Desktop/悬崖（2012）/[www.hmxz.org]悬崖.The.Brink.2012.E13.2160p.WEB-DL.HEVC.AAC-OurTV.strm "
time="2025-10-10T14:41:50+08:00" level=info msg="[Save] /189/媒体库/国产剧/悬崖（2012） -> /Users/ws/Desktop/悬崖（2012）/[www.hmxz.org]悬崖.The.Brink.2012.E14.2160p.WEB-DL.HEVC.AAC-OurTV.strm "
time="2025-10-10T14:41:50+08:00" level=info msg="[Save] /189/媒体库/国产剧/悬崖（2012） -> /Users/ws/Desktop/悬崖（2012）/[www.hmxz.org]悬崖.The.Brink.2012.E15.2160p.WEB-DL.HEVC.AAC-OurTV.strm "
time="2025-10-10T14:41:50+08:00" level=info msg="[Save] /189/媒体库/国产剧/悬崖（2012） -> /Users/ws/Desktop/悬崖（2012）/[www.hmxz.org]悬崖.The.Brink.2012.E16.2160p.WEB-DL.HEVC.AAC-OurTV.strm "
time="2025-10-10T14:41:50+08:00" level=info msg="[Save] /189/媒体库/国产剧/悬崖（2012） -> /Users/ws/Desktop/悬崖（2012）/[www.hmxz.org]悬崖.The.Brink.2012.E17.2160p.WEB-DL.HEVC.AAC-OurTV.strm "
time="2025-10-10T14:41:50+08:00" level=info msg="[Save] /189/媒体库/国产剧/悬崖（2012） -> /Users/ws/Desktop/悬崖（2012）/[www.hmxz.org]悬崖.The.Brink.2012.E18.2160p.WEB-DL.HEVC.AAC-OurTV.strm "
time="2025-10-10T14:41:50+08:00" level=info msg="[Save] /189/媒体库/国产剧/悬崖（2012） -> /Users/ws/Desktop/悬崖（2012）/[www.hmxz.org]悬崖.The.Brink.2012.E19.2160p.WEB-DL.HEVC.AAC-OurTV.strm "
time="2025-10-10T14:41:50+08:00" level=info msg="[Save] /189/媒体库/国产剧/悬崖（2012） -> /Users/ws/Desktop/悬崖（2012）/[www.hmxz.org]悬崖.The.Brink.2012.E20.2160p.WEB-DL.HEVC.AAC-OurTV.strm "
time="2025-10-10T14:41:50+08:00" level=info msg="[Save] /189/媒体库/国产剧/悬崖（2012） -> /Users/ws/Desktop/悬崖（2012）/[www.hmxz.org]悬崖.The.Brink.2012.E21.2160p.WEB-DL.HEVC.AAC-OurTV.strm "
time="2025-10-10T14:41:50+08:00" level=info msg="[Save] /189/媒体库/国产剧/悬崖（2012） -> /Users/ws/Desktop/悬崖（2012）/[www.hmxz.org]悬崖.The.Brink.2012.E22.2160p.WEB-DL.HEVC.AAC-OurTV.strm "
time="2025-10-10T14:41:50+08:00" level=info msg="[Save] /189/媒体库/国产剧/悬崖（2012） -> /Users/ws/Desktop/悬崖（2012）/[www.hmxz.org]悬崖.The.Brink.2012.E23.2160p.WEB-DL.HEVC.AAC-OurTV.strm "
time="2025-10-10T14:41:50+08:00" level=info msg="[Save] /189/媒体库/国产剧/悬崖（2012） -> /Users/ws/Desktop/悬崖（2012）/[www.hmxz.org]悬崖.The.Brink.2012.E24.2160p.WEB-DL.HEVC.AAC-OurTV.strm "
time="2025-10-10T14:41:50+08:00" level=info msg="[Save] /189/媒体库/国产剧/悬崖（2012） -> /Users/ws/Desktop/悬崖（2012）/[www.hmxz.org]悬崖.The.Brink.2012.E25.2160p.WEB-DL.HEVC.AAC-OurTV.strm "
time="2025-10-10T14:41:50+08:00" level=info msg="[Save] /189/媒体库/国产剧/悬崖（2012） -> /Users/ws/Desktop/悬崖（2012）/[www.hmxz.org]悬崖.The.Brink.2012.E26.2160p.WEB-DL.HEVC.AAC-OurTV.strm "
time="2025-10-10T14:41:50+08:00" level=info msg="[Save] /189/媒体库/国产剧/悬崖（2012） -> /Users/ws/Desktop/悬崖（2012）/[www.hmxz.org]悬崖.The.Brink.2012.E27.2160p.WEB-DL.HEVC.AAC-OurTV.strm "
time="2025-10-10T14:41:50+08:00" level=info msg="[Save] /189/媒体库/国产剧/悬崖（2012） -> /Users/ws/Desktop/悬崖（2012）/[www.hmxz.org]悬崖.The.Brink.2012.E28.2160p.WEB-DL.HEVC.AAC-OurTV.strm "
time="2025-10-10T14:41:50+08:00" level=info msg="[Save] /189/媒体库/国产剧/悬崖（2012） -> /Users/ws/Desktop/悬崖（2012）/[www.hmxz.org]悬崖.The.Brink.2012.E29.2160p.WEB-DL.HEVC.AAC-OurTV.strm "
time="2025-10-10T14:41:50+08:00" level=info msg="[Save] /189/媒体库/国产剧/悬崖（2012） -> /Users/ws/Desktop/悬崖（2012）/[www.hmxz.org]悬崖.The.Brink.2012.E30.2160p.WEB-DL.HEVC.AAC-OurTV.strm "
time="2025-10-10T14:41:50+08:00" level=info msg="[Save] /189/媒体库/国产剧/悬崖（2012） -> /Users/ws/Desktop/悬崖（2012）/[www.hmxz.org]悬崖.The.Brink.2012.E31.2160p.WEB-DL.HEVC.AAC-OurTV.strm "
time="2025-10-10T14:41:50+08:00" level=info msg="[Save] /189/媒体库/国产剧/悬崖（2012） -> /Users/ws/Desktop/悬崖（2012）/[www.hmxz.org]悬崖.The.Brink.2012.E32.2160p.WEB-DL.HEVC.AAC-OurTV.strm "
time="2025-10-10T14:41:50+08:00" level=info msg="[Save] /189/媒体库/国产剧/悬崖（2012） -> /Users/ws/Desktop/悬崖（2012）/[www.hmxz.org]悬崖.The.Brink.2012.E33.2160p.WEB-DL.HEVC.AAC-OurTV.strm "
time="2025-10-10T14:41:50+08:00" level=info msg="[Save] /189/媒体库/国产剧/悬崖（2012） -> /Users/ws/Desktop/悬崖（2012）/[www.hmxz.org]悬崖.The.Brink.2012.E34.2160p.WEB-DL.HEVC.AAC-OurTV.strm "
time="2025-10-10T14:41:50+08:00" level=info msg="[Save] /189/媒体库/国产剧/悬崖（2012） -> /Users/ws/Desktop/悬崖（2012）/[www.hmxz.org]悬崖.The.Brink.2012.E35.2160p.WEB-DL.HEVC.AAC-OurTV.strm "
time="2025-10-10T14:41:50+08:00" level=info msg="[Save] /189/媒体库/国产剧/悬崖（2012） -> /Users/ws/Desktop/悬崖（2012）/[www.hmxz.org]悬崖.The.Brink.2012.E36.2160p.WEB-DL.HEVC.AAC-OurTV.strm "
time="2025-10-10T14:41:50+08:00" level=info msg="[Save] /189/媒体库/国产剧/悬崖（2012） -> /Users/ws/Desktop/悬崖（2012）/[www.hmxz.org]悬崖.The.Brink.2012.E37.2160p.WEB-DL.HEVC.AAC-OurTV.strm "
time="2025-10-10T14:41:50+08:00" level=info msg="[Save] /189/媒体库/国产剧/悬崖（2012） -> /Users/ws/Desktop/悬崖（2012）/[www.hmxz.org]悬崖.The.Brink.2012.E38.2160p.WEB-DL.HEVC.AAC-OurTV.strm "
time="2025-10-10T14:41:50+08:00" level=info msg="[Save] /189/媒体库/国产剧/悬崖（2012） -> /Users/ws/Desktop/悬崖（2012）/[www.hmxz.org]悬崖.The.Brink.2012.E39.2160p.WEB-DL.HEVC.AAC-OurTV.strm "
time="2025-10-10T14:41:50+08:00" level=info msg="[Save] /189/媒体库/国产剧/悬崖（2012） -> /Users/ws/Desktop/悬崖（2012）/[www.hmxz.org]悬崖.The.Brink.2012.E40.2160p.WEB-DL.HEVC.AAC-OurTV.strm "
time="2025-10-10T14:41:50+08:00" level=info msg="[success] job name: 追更, job id: d2462a50-441a-4ab3-9366-166d3a4d606a\n"
